This file contains any messages produced by compilers while
running configure, to aid debugging if configure makes a mistake.

It was created by configure, which was
generated by GNU Autoconf 2.63.  Invocation command line was

  $ ./configure --enable-yaf

## --------- ##
## Platform. ##
## --------- ##

hostname = localhost.localdomain
uname -m = x86_64
uname -r = 2.6.32-504.el6.x86_64
uname -s = Linux
uname -v = #1 SMP Wed Oct 15 04:27:16 UTC 2014

/usr/bin/uname -p = unknown
/bin/uname -X     = unknown

/bin/arch              = x86_64
/usr/bin/arch -k       = unknown
/usr/convex/getsysinfo = unknown
/usr/bin/hostinfo      = unknown
/bin/machine           = unknown
/usr/bin/oslevel       = unknown
/bin/universe          = unknown

PATH: /usr/local/sbin
PATH: /usr/local/bin
PATH: /sbin
PATH: /bin
PATH: /usr/sbin
PATH: /usr/bin
PATH: /root/bin


## ----------- ##
## Core tests. ##
## ----------- ##

configure:1985: checking for grep that handles long lines and -e
configure:2045: result: /bin/grep
configure:2050: checking for egrep
configure:2114: result: /bin/grep -E
configure:2119: checking for a sed that does not truncate output
configure:2185: result: /bin/sed
configure:2380: checking for C compiler version
configure:2388: gcc --version >&5
gcc (GCC) 4.4.7 20120313 (Red Hat 4.4.7-11)
Copyright (C) 2010 Free Software Foundation, Inc.
This is free software; see the source for copying conditions.  There is NO
warranty; not even for MERCHANTABILITY or FITNESS FOR A PARTICULAR PURPOSE.

configure:2392: $? = 0
configure:2399: gcc -v >&5
Using built-in specs.
Target: x86_64-redhat-linux
Configured with: ../configure --prefix=/usr --mandir=/usr/share/man --infodir=/usr/share/info --with-bugurl=http://bugzilla.redhat.com/bugzilla --enable-bootstrap --enable-shared --enable-threads=posix --enable-checking=release --with-system-zlib --enable-__cxa_atexit --disable-libunwind-exceptions --enable-gnu-unique-object --enable-languages=c,c++,objc,obj-c++,java,fortran,ada --enable-java-awt=gtk --disable-dssi --with-java-home=/usr/lib/jvm/java-1.5.0-gcj-1.5.0.0/jre --enable-libgcj-multifile --enable-java-maintainer-mode --with-ecj-jar=/usr/share/java/eclipse-ecj.jar --disable-libjava-multilib --with-ppl --with-cloog --with-tune=generic --with-arch_32=i686 --build=x86_64-redhat-linux
Thread model: posix
gcc version 4.4.7 20120313 (Red Hat 4.4.7-11) (GCC) 
configure:2403: $? = 0
configure:2410: gcc -V >&5
gcc: '-V' option must have argument
configure:2414: $? = 1
configure:2437: checking for C compiler default output file name
configure:2459: gcc -O2 -fvisibility=hidden -Wparentheses -DZEPHIR_RELEASE=1   conftest.c  >&5
configure:2463: $? = 0
configure:2501: result: a.out
configure:2520: checking whether the C compiler works
configure:2530: ./a.out
configure:2534: $? = 0
configure:2553: result: yes
configure:2560: checking whether we are cross compiling
configure:2562: result: no
configure:2565: checking for suffix of executables
configure:2572: gcc -o conftest -O2 -fvisibility=hidden -Wparentheses -DZEPHIR_RELEASE=1   conftest.c  >&5
configure:2576: $? = 0
configure:2602: result: 
configure:2608: checking for suffix of object files
configure:2634: gcc -c -O2 -fvisibility=hidden -Wparentheses -DZEPHIR_RELEASE=1  conftest.c >&5
configure:2638: $? = 0
configure:2663: result: o
configure:2667: checking whether we are using the GNU C compiler
configure:2696: gcc -c -O2 -fvisibility=hidden -Wparentheses -DZEPHIR_RELEASE=1  conftest.c >&5
configure:2703: $? = 0
configure:2720: result: yes
configure:2729: checking whether gcc accepts -g
configure:2759: gcc -c -g  conftest.c >&5
configure:2766: $? = 0
configure:2867: result: yes
configure:2884: checking for gcc option to accept ISO C89
configure:2958: gcc  -c -O2 -fvisibility=hidden -Wparentheses -DZEPHIR_RELEASE=1  conftest.c >&5
configure:2965: $? = 0
configure:2988: result: none needed
configure:3012: checking how to run the C preprocessor
configure:3052: gcc -E  conftest.c
configure:3059: $? = 0
configure:3090: gcc -E  conftest.c
conftest.c:8:28: error: ac_nonexistent.h: No such file or directory
configure:3097: $? = 1
configure: failed program was:
| /* confdefs.h.  */
| #define PACKAGE_NAME ""
| #define PACKAGE_TARNAME ""
| #define PACKAGE_VERSION ""
| #define PACKAGE_STRING ""
| #define PACKAGE_BUGREPORT ""
| /* end confdefs.h.  */
| #include <ac_nonexistent.h>
configure:3130: result: gcc -E
configure:3159: gcc -E  conftest.c
configure:3166: $? = 0
configure:3197: gcc -E  conftest.c
conftest.c:8:28: error: ac_nonexistent.h: No such file or directory
configure:3204: $? = 1
configure: failed program was:
| /* confdefs.h.  */
| #define PACKAGE_NAME ""
| #define PACKAGE_TARNAME ""
| #define PACKAGE_VERSION ""
| #define PACKAGE_STRING ""
| #define PACKAGE_BUGREPORT ""
| /* end confdefs.h.  */
| #include <ac_nonexistent.h>
configure:3246: checking for icc
configure:3259: result: no
configure:3273: checking for suncc
configure:3286: result: no
configure:3301: checking whether gcc and cc understand -c and -o together
configure:3336: gcc -c conftest.c -o conftest2.o >&5
configure:3340: $? = 0
configure:3346: gcc -c conftest.c -o conftest2.o >&5
configure:3350: $? = 0
configure:3361: cc -c conftest.c >&5
configure:3365: $? = 0
configure:3373: cc -c conftest.c -o conftest2.o >&5
configure:3377: $? = 0
configure:3383: cc -c conftest.c -o conftest2.o >&5
configure:3387: $? = 0
configure:3405: result: yes
configure:3421: checking for system library directory
configure:3436: result: lib
configure:3443: checking if compiler supports -R
configure:3472: gcc -o conftest -O2 -fvisibility=hidden -Wparentheses -DZEPHIR_RELEASE=1   conftest.c -R /usr/lib  >&5
gcc: unrecognized option '-R'
/usr/lib: file not recognized: Is a directory
collect2: ld returned 1 exit status
configure:3479: $? = 1
configure: failed program was:
| /* confdefs.h.  */
| #define PACKAGE_NAME ""
| #define PACKAGE_TARNAME ""
| #define PACKAGE_VERSION ""
| #define PACKAGE_STRING ""
| #define PACKAGE_BUGREPORT ""
| /* end confdefs.h.  */
| 
| int
| main ()
| {
| 
|   ;
|   return 0;
| }
configure:3501: result: no
configure:3506: checking if compiler supports -Wl,-rpath,
configure:3535: gcc -o conftest -O2 -fvisibility=hidden -Wparentheses -DZEPHIR_RELEASE=1   conftest.c -Wl,-rpath,/usr/lib  >&5
configure:3542: $? = 0
configure:3564: result: yes
configure:3613: checking build system type
configure:3631: result: x86_64-unknown-linux-gnu
configure:3653: checking host system type
configure:3668: result: x86_64-unknown-linux-gnu
configure:3690: checking target system type
configure:3705: result: x86_64-unknown-linux-gnu
configure:3814: checking for PHP prefix
configure:3816: result: /usr
configure:3818: checking for PHP includes
configure:3820: result: -I/usr/include/php -I/usr/include/php/main -I/usr/include/php/TSRM -I/usr/include/php/Zend -I/usr/include/php/ext -I/usr/include/php/ext/date/lib
configure:3822: checking for PHP extension directory
configure:3824: result: /usr/lib64/php/modules
configure:3826: checking for PHP installed headers prefix
configure:3828: result: /usr/include/php
configure:3831: checking if debug is enabled
configure:3861: result: no
configure:3864: checking if zts is enabled
configure:3894: result: no
configure:3965: checking for re2c
configure:3981: found /usr/local/bin/re2c
configure:3992: result: re2c
configure:4001: checking for re2c version
configure:4015: result: 0.13.6 (ok)
configure:4034: checking for gawk
configure:4051: found /bin/gawk
configure:4062: result: gawk
configure:4109: checking whether to enable yaf
configure:4148: result: yes, shared
configure:4598: checking whether HAVE_BUNDLED_PCRE is declared
configure:4629: gcc -c -O2 -fvisibility=hidden -Wparentheses -DZEPHIR_RELEASE=1  -I/usr/include/php -I/usr/include/php/main -I/usr/include/php/TSRM -I/usr/include/php/Zend -I/usr/include/php/ext -I/usr/include/php/ext/date/lib conftest.c >&5
configure:4636: $? = 0
configure:4651: result: yes
configure:4659: checking for ext/pcre/php_pcre.h
configure:4681: gcc -c -O2 -fvisibility=hidden -Wparentheses -DZEPHIR_RELEASE=1  -I/usr/include/php -I/usr/include/php/main -I/usr/include/php/TSRM -I/usr/include/php/Zend -I/usr/include/php/ext -I/usr/include/php/ext/date/lib conftest.c >&5
configure:4688: $? = 0
configure:4705: result: yes
configure:4759: checking whether HAVE_JSON is declared
configure:4790: gcc -c -O2 -fvisibility=hidden -Wparentheses -DZEPHIR_RELEASE=1  -I/usr/include/php -I/usr/include/php/main -I/usr/include/php/TSRM -I/usr/include/php/Zend -I/usr/include/php/ext -I/usr/include/php/ext/date/lib conftest.c >&5
configure:4797: $? = 0
configure:4812: result: yes
configure:4820: checking for ext/json/php_json.h
configure:4842: gcc -c -O2 -fvisibility=hidden -Wparentheses -DZEPHIR_RELEASE=1  -I/usr/include/php -I/usr/include/php/main -I/usr/include/php/TSRM -I/usr/include/php/Zend -I/usr/include/php/ext -I/usr/include/php/ext/date/lib conftest.c >&5
configure:4849: $? = 0
configure:4866: result: yes
configure:4980: checking for a sed that does not truncate output
configure:5046: result: /bin/sed
configure:5064: checking for fgrep
configure:5128: result: /bin/grep -F
configure:5163: checking for ld used by gcc
configure:5230: result: /usr/bin/ld
configure:5239: checking if the linker (/usr/bin/ld) is GNU ld
configure:5254: result: yes
configure:5266: checking for BSD- or MS-compatible name lister (nm)
configure:5315: result: /usr/bin/nm -B
configure:5433: checking the name lister (/usr/bin/nm -B) interface
configure:5440: gcc -c -O2 -fvisibility=hidden -Wparentheses -DZEPHIR_RELEASE=1  conftest.c >&5
configure:5443: /usr/bin/nm -B "conftest.o"
configure:5446: output
0000000000000000 B some_variable
configure:5453: result: BSD nm
configure:5456: checking whether ln -s works
configure:5460: result: yes
configure:5468: checking the maximum length of command line arguments
configure:5588: result: 1966080
configure:5605: checking whether the shell understands some XSI constructs
configure:5615: result: yes
configure:5619: checking whether the shell understands "+="
configure:5625: result: yes
configure:5660: checking for /usr/bin/ld option to reload object files
configure:5667: result: -r
configure:5736: checking for objdump
configure:5752: found /usr/bin/objdump
configure:5763: result: objdump
configure:5795: checking how to recognize dependent libraries
configure:5991: result: pass_all
configure:6051: checking for ar
configure:6067: found /usr/bin/ar
configure:6078: result: ar
configure:6156: checking for strip
configure:6172: found /usr/bin/strip
configure:6183: result: strip
configure:6255: checking for ranlib
configure:6271: found /usr/bin/ranlib
configure:6282: result: ranlib
configure:6372: checking command to parse /usr/bin/nm -B output from gcc object
configure:6490: gcc -c -O2 -fvisibility=hidden -Wparentheses -DZEPHIR_RELEASE=1  conftest.c >&5
configure:6493: $? = 0
configure:6497: /usr/bin/nm -B conftest.o \| sed -n -e 's/^.*[	 ]\([ABCDGIRSTW][ABCDGIRSTW]*\)[	 ][	 ]*\([_A-Za-z][_A-Za-z0-9]*\)$/\1 \2 \2/p' \> conftest.nm
configure:6500: $? = 0
configure:6554: gcc -o conftest -O2 -fvisibility=hidden -Wparentheses -DZEPHIR_RELEASE=1   conftest.c conftstm.o >&5
configure:6557: $? = 0
configure:6595: result: ok
configure:6690: gcc -c -O2 -fvisibility=hidden -Wparentheses -DZEPHIR_RELEASE=1  conftest.c >&5
configure:6693: $? = 0
configure:7456: checking for ANSI C header files
configure:7486: gcc -c -O2 -fvisibility=hidden -Wparentheses -DZEPHIR_RELEASE=1  conftest.c >&5
configure:7493: $? = 0
configure:7592: gcc -o conftest -O2 -fvisibility=hidden -Wparentheses -DZEPHIR_RELEASE=1   conftest.c  >&5
configure:7596: $? = 0
configure:7602: ./conftest
configure:7606: $? = 0
configure:7624: result: yes
configure:7648: checking for sys/types.h
configure:7669: gcc -c -O2 -fvisibility=hidden -Wparentheses -DZEPHIR_RELEASE=1  conftest.c >&5
configure:7676: $? = 0
configure:7693: result: yes
configure:7648: checking for sys/stat.h
configure:7669: gcc -c -O2 -fvisibility=hidden -Wparentheses -DZEPHIR_RELEASE=1  conftest.c >&5
configure:7676: $? = 0
configure:7693: result: yes
configure:7648: checking for stdlib.h
configure:7669: gcc -c -O2 -fvisibility=hidden -Wparentheses -DZEPHIR_RELEASE=1  conftest.c >&5
configure:7676: $? = 0
configure:7693: result: yes
configure:7648: checking for string.h
configure:7669: gcc -c -O2 -fvisibility=hidden -Wparentheses -DZEPHIR_RELEASE=1  conftest.c >&5
configure:7676: $? = 0
configure:7693: result: yes
configure:7648: checking for memory.h
configure:7669: gcc -c -O2 -fvisibility=hidden -Wparentheses -DZEPHIR_RELEASE=1  conftest.c >&5
configure:7676: $? = 0
configure:7693: result: yes
configure:7648: checking for strings.h
configure:7669: gcc -c -O2 -fvisibility=hidden -Wparentheses -DZEPHIR_RELEASE=1  conftest.c >&5
configure:7676: $? = 0
configure:7693: result: yes
configure:7648: checking for inttypes.h
configure:7669: gcc -c -O2 -fvisibility=hidden -Wparentheses -DZEPHIR_RELEASE=1  conftest.c >&5
configure:7676: $? = 0
configure:7693: result: yes
configure:7648: checking for stdint.h
configure:7669: gcc -c -O2 -fvisibility=hidden -Wparentheses -DZEPHIR_RELEASE=1  conftest.c >&5
configure:7676: $? = 0
configure:7693: result: yes
configure:7648: checking for unistd.h
configure:7669: gcc -c -O2 -fvisibility=hidden -Wparentheses -DZEPHIR_RELEASE=1  conftest.c >&5
configure:7676: $? = 0
configure:7693: result: yes
configure:7711: checking for dlfcn.h
configure:7732: gcc -c -O2 -fvisibility=hidden -Wparentheses -DZEPHIR_RELEASE=1  conftest.c >&5
configure:7739: $? = 0
configure:7756: result: yes
configure:7942: checking for objdir
configure:7957: result: .libs
configure:8253: checking if gcc supports -fno-rtti -fno-exceptions
configure:8271: gcc -c -O2 -fvisibility=hidden -Wparentheses -DZEPHIR_RELEASE=1  -fno-rtti -fno-exceptions conftest.c >&5
cc1: warning: command line option "-fno-rtti" is valid for C++/ObjC++ but not for C
configure:8275: $? = 0
configure:8288: result: no
configure:8308: checking for gcc option to produce PIC
configure:8580: result: -fPIC -DPIC
configure:8592: checking if gcc PIC flag -fPIC -DPIC works
configure:8610: gcc -c -O2 -fvisibility=hidden -Wparentheses -DZEPHIR_RELEASE=1  -fPIC -DPIC -DPIC conftest.c >&5
configure:8614: $? = 0
configure:8627: result: yes
configure:8651: checking if gcc static flag -static works
configure:8679: result: no
configure:8694: checking if gcc supports -c -o file.o
configure:8715: gcc -c -O2 -fvisibility=hidden -Wparentheses -DZEPHIR_RELEASE=1  -o out/conftest2.o conftest.c >&5
configure:8719: $? = 0
configure:8741: result: yes
configure:8749: checking if gcc supports -c -o file.o
configure:8796: result: yes
configure:8829: checking whether the gcc linker (/usr/bin/ld -m elf_x86_64) supports shared libraries
configure:9903: result: yes
configure:9940: checking whether -lc should be explicitly linked in
configure:9945: gcc -c -O2 -fvisibility=hidden -Wparentheses -DZEPHIR_RELEASE=1  conftest.c >&5
configure:9948: $? = 0
configure:9963: gcc -shared conftest.o  -v -Wl,-soname -Wl,conftest -o conftest 2\>\&1 \| /bin/grep  -lc  \>/dev/null 2\>\&1
configure:9966: $? = 0
configure:9978: result: no
configure:10142: checking dynamic linker characteristics
configure:10585: gcc -o conftest -O2 -fvisibility=hidden -Wparentheses -DZEPHIR_RELEASE=1   -Wl,-rpath -Wl,/foo conftest.c  >&5
configure:10592: $? = 0
configure:10828: result: GNU/Linux ld.so
configure:10930: checking how to hardcode library paths into programs
configure:10955: result: immediate
configure:11788: checking whether stripping libraries is possible
configure:11793: result: yes
configure:11828: checking if libtool supports shared libraries
configure:11830: result: yes
configure:11833: checking whether to build shared libraries
configure:11854: result: yes
configure:11857: checking whether to build static libraries
configure:11861: result: no
configure:12123: creating ./config.status

## ---------------------- ##
## Running config.status. ##
## ---------------------- ##

This file was extended by config.status, which was
generated by GNU Autoconf 2.63.  Invocation command line was

  CONFIG_FILES    = 
  CONFIG_HEADERS  = 
  CONFIG_LINKS    = 
  CONFIG_COMMANDS = 
  $ ./config.status 

on localhost.localdomain

config.status:806: creating config.h
config.status:958: executing libtool commands

## ---------------- ##
## Cache variables. ##
## ---------------- ##

ac_cv_build=x86_64-unknown-linux-gnu
ac_cv_c_compiler_gnu=yes
ac_cv_env_CC_set=set
ac_cv_env_CC_value=gcc
ac_cv_env_CFLAGS_set=set
ac_cv_env_CFLAGS_value='-O2 -fvisibility=hidden -Wparentheses -DZEPHIR_RELEASE=1'
ac_cv_env_CPPFLAGS_set=
ac_cv_env_CPPFLAGS_value=
ac_cv_env_CPP_set=
ac_cv_env_CPP_value=
ac_cv_env_LDFLAGS_set=
ac_cv_env_LDFLAGS_value=
ac_cv_env_LIBS_set=
ac_cv_env_LIBS_value=
ac_cv_env_build_alias_set=
ac_cv_env_build_alias_value=
ac_cv_env_host_alias_set=
ac_cv_env_host_alias_value=
ac_cv_env_target_alias_set=
ac_cv_env_target_alias_value=
ac_cv_have_decl_HAVE_BUNDLED_PCRE=yes
ac_cv_have_decl_HAVE_JSON=yes
ac_cv_header_dlfcn_h=yes
ac_cv_header_ext_json_php_json_h=yes
ac_cv_header_ext_pcre_php_pcre_h=yes
ac_cv_header_inttypes_h=yes
ac_cv_header_memory_h=yes
ac_cv_header_stdc=yes
ac_cv_header_stdint_h=yes
ac_cv_header_stdlib_h=yes
ac_cv_header_string_h=yes
ac_cv_header_strings_h=yes
ac_cv_header_sys_stat_h=yes
ac_cv_header_sys_types_h=yes
ac_cv_header_unistd_h=yes
ac_cv_host=x86_64-unknown-linux-gnu
ac_cv_objext=o
ac_cv_path_EGREP='/bin/grep -E'
ac_cv_path_FGREP='/bin/grep -F'
ac_cv_path_GREP=/bin/grep
ac_cv_path_SED=/bin/sed
ac_cv_prog_AWK=gawk
ac_cv_prog_CPP='gcc -E'
ac_cv_prog_RE2C=re2c
ac_cv_prog_ac_ct_AR=ar
ac_cv_prog_ac_ct_OBJDUMP=objdump
ac_cv_prog_ac_ct_RANLIB=ranlib
ac_cv_prog_ac_ct_STRIP=strip
ac_cv_prog_cc_c89=
ac_cv_prog_cc_g=yes
ac_cv_prog_cc_gcc_c_o=yes
ac_cv_target=x86_64-unknown-linux-gnu
lt_cv_deplibs_check_method=pass_all
lt_cv_file_magic_cmd='$MAGIC_CMD'
lt_cv_file_magic_test_file=
lt_cv_ld_reload_flag=-r
lt_cv_nm_interface='BSD nm'
lt_cv_objdir=.libs
lt_cv_path_LD=/usr/bin/ld
lt_cv_path_NM='/usr/bin/nm -B'
lt_cv_prog_compiler_c_o=yes
lt_cv_prog_compiler_pic_works=yes
lt_cv_prog_compiler_rtti_exceptions=no
lt_cv_prog_compiler_static_works=no
lt_cv_prog_gnu_ld=yes
lt_cv_sys_global_symbol_pipe='sed -n -e '\''s/^.*[	 ]\([ABCDGIRSTW][ABCDGIRSTW]*\)[	 ][	 ]*\([_A-Za-z][_A-Za-z0-9]*\)$/\1 \2 \2/p'\'''
lt_cv_sys_global_symbol_to_c_name_address='sed -n -e '\''s/^: \([^ ]*\) $/  {\"\1\", (void *) 0},/p'\'' -e '\''s/^[ABCDGIRSTW]* \([^ ]*\) \([^ ]*\)$/  {"\2", (void *) \&\2},/p'\'''
lt_cv_sys_global_symbol_to_c_name_address_lib_prefix='sed -n -e '\''s/^: \([^ ]*\) $/  {\"\1\", (void *) 0},/p'\'' -e '\''s/^[ABCDGIRSTW]* \([^ ]*\) \(lib[^ ]*\)$/  {"\2", (void *) \&\2},/p'\'' -e '\''s/^[ABCDGIRSTW]* \([^ ]*\) \([^ ]*\)$/  {"lib\2", (void *) \&\2},/p'\'''
lt_cv_sys_global_symbol_to_cdecl='sed -n -e '\''s/^T .* \(.*\)$/extern int \1();/p'\'' -e '\''s/^[ABCDGIRSTW]* .* \(.*\)$/extern char \1;/p'\'''
lt_cv_sys_max_cmd_len=1966080
php_cv_cc_dashr=no
php_cv_cc_rpath=yes
php_cv_re2c_version='0.13.6 (ok)'

## ----------------- ##
## Output variables. ##
## ----------------- ##

AR='ar'
AWK='gawk'
CC='gcc'
CFLAGS='-O2 -fvisibility=hidden -Wparentheses -DZEPHIR_RELEASE=1'
CONFIGURE_COMMAND=' '\''./configure'\''  '\''--enable-yaf'\'' '\''CC=gcc'\'' '\''CFLAGS=-O2 '\''-fvisibility=hidden'\'' '\''-Wparentheses'\'' '\''-DZEPHIR_RELEASE=1'\'''\'''
CONFIGURE_OPTIONS=' '\''--enable-yaf'\'' '\''CC=gcc'\'' '\''CFLAGS=-O2 '\''-fvisibility=hidden'\'' '\''-Wparentheses'\'' '\''-DZEPHIR_RELEASE=1'\'''\'''
CPP='gcc -E'
CPPFLAGS=' -DHAVE_CONFIG_H'
DEFS='-DHAVE_CONFIG_H'
DSYMUTIL=''
DUMPBIN=''
ECHO_C=''
ECHO_N='-n'
ECHO_T=''
EGREP='/bin/grep -E'
EXEEXT=''
FGREP='/bin/grep -F'
GREP='/bin/grep'
LD='/usr/bin/ld -m elf_x86_64'
LDFLAGS=''
LIBOBJS=''
LIBS=''
LIBTOOL='$(SHELL) $(top_builddir)/libtool'
LIPO=''
LN_S='ln -s'
LTLIBOBJS=''
NM='/usr/bin/nm -B'
NMEDIT=''
OBJDUMP='objdump'
OBJEXT='o'
OTOOL64=''
OTOOL=''
PACKAGE_BUGREPORT=''
PACKAGE_NAME=''
PACKAGE_STRING=''
PACKAGE_TARNAME=''
PACKAGE_VERSION=''
PATH_SEPARATOR=':'
RANLIB='ranlib'
RE2C='re2c'
SED='/bin/sed'
SHELL='/bin/sh'
SHLIB_DL_SUFFIX_NAME='so'
SHLIB_SUFFIX_NAME='so'
STRIP='strip'
ac_ct_CC=''
ac_ct_DUMPBIN=''
bindir='${exec_prefix}/bin'
build='x86_64-unknown-linux-gnu'
build_alias=''
build_cpu='x86_64'
build_os='linux-gnu'
build_vendor='unknown'
datadir='${datarootdir}'
datarootdir='${prefix}/share'
docdir='${datarootdir}/doc/${PACKAGE}'
dvidir='${docdir}'
exec_prefix='$(prefix)'
host='x86_64-unknown-linux-gnu'
host_alias='x86_64-unknown-linux-gnu'
host_cpu='x86_64'
host_os='linux-gnu'
host_vendor='unknown'
htmldir='${docdir}'
includedir='${prefix}/include'
infodir='${datarootdir}/info'
libdir='${exec_prefix}/lib'
libexecdir='${exec_prefix}/libexec'
localedir='${datarootdir}/locale'
localstatedir='${prefix}/var'
lt_ECHO='echo'
mandir='${datarootdir}/man'
oldincludedir='/usr/include'
pdfdir='${docdir}'
prefix='/usr'
program_transform_name='s,x,x,'
psdir='${docdir}'
sbindir='${exec_prefix}/sbin'
sharedstatedir='${prefix}/com'
sysconfdir='${prefix}/etc'
target='x86_64-unknown-linux-gnu'
target_alias=''
target_cpu='x86_64'
target_os='linux-gnu'
target_vendor='unknown'

## ----------- ##
## confdefs.h. ##
## ----------- ##

#define PACKAGE_NAME ""
#define PACKAGE_TARNAME ""
#define PACKAGE_VERSION ""
#define PACKAGE_STRING ""
#define PACKAGE_BUGREPORT ""
#define HAVE_YAF 1
#define COMPILE_DL_YAF 1
#define HAVE_EXT_PCRE_PHP_PCRE_H 1
#define ZEPHIR_USE_PHP_PCRE 1
#define HAVE_EXT_JSON_PHP_JSON_H 1
#define ZEPHIR_USE_PHP_JSON 1
#define STDC_HEADERS 1
#define HAVE_SYS_TYPES_H 1
#define HAVE_SYS_STAT_H 1
#define HAVE_STDLIB_H 1
#define HAVE_STRING_H 1
#define HAVE_MEMORY_H 1
#define HAVE_STRINGS_H 1
#define HAVE_INTTYPES_H 1
#define HAVE_STDINT_H 1
#define HAVE_UNISTD_H 1
#define HAVE_DLFCN_H 1
#define LT_OBJDIR ".libs/"

configure: exit 0
